Arguments: 
  /usr/local/bin/node /usr/local/Cellar/yarn/1.9.4/libexec/bin/yarn.js add eslint: ^4.0.0,

PATH: 
  /Library/Frameworks/Python.framework/Versions/3.7/bin:/usr/local/bin:/usr/bin:/bin:/usr/sbin:/sbin:/Applications/VMware Fusion.app/Contents/Public:/Library/Frameworks/Python.framework/Versions/3.7/bin:/usr/local/mysql/bin:/Users/sunp/.npm-global/bin:/usr/local/mysql/bin:/usr/local/bin:/Users/sunp/.npm-global/bin:/usr/bin

Yarn version: 
  1.9.4

Node version: 
  8.11.4

Platform: 
  darwin x64

Trace: 
  Error: Invalid URL
      at module.exports.module.exports (/usr/local/Cellar/yarn/1.9.4/libexec/lib/cli.js:123301:9)
      at urlParts (/usr/local/Cellar/yarn/1.9.4/libexec/lib/cli.js:33635:75)
      at NpmRegistry.isRequestToRegistry (/usr/local/Cellar/yarn/1.9.4/libexec/lib/cli.js:33674:19)
      at NpmRegistry.request (/usr/local/Cellar/yarn/1.9.4/libexec/lib/cli.js:33705:29)
      at NpmResolver.<anonymous> (/usr/local/Cellar/yarn/1.9.4/libexec/lib/cli.js:51283:51)
      at Generator.next (<anonymous>)
      at step (/usr/local/Cellar/yarn/1.9.4/libexec/lib/cli.js:92:30)
      at /usr/local/Cellar/yarn/1.9.4/libexec/lib/cli.js:110:14
      at new Promise (<anonymous>)
      at new F (/usr/local/Cellar/yarn/1.9.4/libexec/lib/cli.js:23624:28)

npm manifest: 
  {
    "name": "marker",
    "version": "0.0.1",
    "description": "md convert to html",
    "main": "index.js",
    "scripts": {
      "test": "echo \"Error: no test specified\" && exit 1"
    },
    "bin": {
      "mk": "./bin/mk.js"
    },
    "repository": {
      "type": "git",
      "url": "git+https://github.com/moonlitusun/marker.git"
    },
    "keywords": [
      "markdown",
      "md"
    ],
    "author": "moonlit",
    "license": "MIT",
    "bugs": {
      "url": "https://github.com/moonlitusun/marker/issues"
    },
    "homepage": "https://github.com/moonlitusun/marker#readme",
    "dependencies": {
      "chalk": "^2.4.2",
      "cheerio": "^1.0.0-rc.3",
      "commander": "^2.20.0",
      "ejs": "^2.6.1",
      "highlight.js": "^9.15.6",
      "js-yaml": "^3.13.1",
      "marked": "^0.6.2",
      "open": "^6.2.0"
    }
  }

yarn manifest: 
  No manifest

Lockfile: 
  # THIS IS AN AUTOGENERATED FILE. DO NOT EDIT THIS FILE DIRECTLY.
  # yarn lockfile v1
  
  
  "@types/node@*":
    version "11.13.8"
    resolved "http://192.168.2.236:4873/@types%2fnode/-/node-11.13.8.tgz#e5d71173c95533be9842b2c798978f095f912aab"
  
  ansi-styles@^3.2.1:
    version "3.2.1"
    resolved "http://192.168.2.236:4873/ansi-styles/-/ansi-styles-3.2.1.tgz#41fbb20243e50b12be0f04b8dedbf07520ce841d"
    dependencies:
      color-convert "^1.9.0"
  
  argparse@^1.0.7:
    version "1.0.10"
    resolved "http://192.168.2.236:4873/argparse/-/argparse-1.0.10.tgz#bcd6791ea5ae09725e17e5ad988134cd40b3d911"
    dependencies:
      sprintf-js "~1.0.2"
  
  boolbase@~1.0.0:
    version "1.0.0"
    resolved "http://192.168.2.236:4873/boolbase/-/boolbase-1.0.0.tgz#68dff5fbe60c51eb37725ea9e3ed310dcc1e776e"
  
  chalk@^2.4.2:
    version "2.4.2"
    resolved "http://192.168.2.236:4873/chalk/-/chalk-2.4.2.tgz#cd42541677a54333cf541a49108c1432b44c9424"
    dependencies:
      ansi-styles "^3.2.1"
      escape-string-regexp "^1.0.5"
      supports-color "^5.3.0"
  
  cheerio@^1.0.0-rc.3:
    version "1.0.0-rc.3"
    resolved "http://192.168.2.236:4873/cheerio/-/cheerio-1.0.0-rc.3.tgz#094636d425b2e9c0f4eb91a46c05630c9a1a8bf6"
    dependencies:
      css-select "~1.2.0"
      dom-serializer "~0.1.1"
      entities "~1.1.1"
      htmlparser2 "^3.9.1"
      lodash "^4.15.0"
      parse5 "^3.0.1"
  
  color-convert@^1.9.0:
    version "1.9.3"
    resolved "http://192.168.2.236:4873/color-convert/-/color-convert-1.9.3.tgz#bb71850690e1f136567de629d2d5471deda4c1e8"
    dependencies:
      color-name "1.1.3"
  
  color-name@1.1.3:
    version "1.1.3"
    resolved "http://192.168.2.236:4873/color-name/-/color-name-1.1.3.tgz#a7d0558bd89c42f795dd42328f740831ca53bc25"
  
  commander@^2.20.0:
    version "2.20.0"
    resolved "http://192.168.2.236:4873/commander/-/commander-2.20.0.tgz#d58bb2b5c1ee8f87b0d340027e9e94e222c5a422"
  
  css-select@~1.2.0:
    version "1.2.0"
    resolved "http://192.168.2.236:4873/css-select/-/css-select-1.2.0.tgz#2b3a110539c5355f1cd8d314623e870b121ec858"
    dependencies:
      boolbase "~1.0.0"
      css-what "2.1"
      domutils "1.5.1"
      nth-check "~1.0.1"
  
  css-what@2.1:
    version "2.1.3"
    resolved "http://192.168.2.236:4873/css-what/-/css-what-2.1.3.tgz#a6d7604573365fe74686c3f311c56513d88285f2"
  
  dom-serializer@0, dom-serializer@~0.1.1:
    version "0.1.1"
    resolved "http://192.168.2.236:4873/dom-serializer/-/dom-serializer-0.1.1.tgz#1ec4059e284babed36eec2941d4a970a189ce7c0"
    dependencies:
      domelementtype "^1.3.0"
      entities "^1.1.1"
  
  domelementtype@1, domelementtype@^1.3.0, domelementtype@^1.3.1:
    version "1.3.1"
    resolved "http://192.168.2.236:4873/domelementtype/-/domelementtype-1.3.1.tgz#d048c44b37b0d10a7f2a3d5fee3f4333d790481f"
  
  domhandler@^2.3.0:
    version "2.4.2"
    resolved "http://192.168.2.236:4873/domhandler/-/domhandler-2.4.2.tgz#8805097e933d65e85546f726d60f5eb88b44f803"
    dependencies:
      domelementtype "1"
  
  domutils@1.5.1:
    version "1.5.1"
    resolved "http://192.168.2.236:4873/domutils/-/domutils-1.5.1.tgz#dcd8488a26f563d61079e48c9f7b7e32373682cf"
    dependencies:
      dom-serializer "0"
      domelementtype "1"
  
  domutils@^1.5.1:
    version "1.7.0"
    resolved "http://192.168.2.236:4873/domutils/-/domutils-1.7.0.tgz#56ea341e834e06e6748af7a1cb25da67ea9f8c2a"
    dependencies:
      dom-serializer "0"
      domelementtype "1"
  
  ejs@^2.6.1:
    version "2.6.1"
    resolved "http://192.168.2.236:4873/ejs/-/ejs-2.6.1.tgz#498ec0d495655abc6f23cd61868d926464071aa0"
  
  entities@^1.1.1, entities@~1.1.1:
    version "1.1.2"
    resolved "http://192.168.2.236:4873/entities/-/entities-1.1.2.tgz#bdfa735299664dfafd34529ed4f8522a275fea56"
  
  escape-string-regexp@^1.0.5:
    version "1.0.5"
    resolved "http://192.168.2.236:4873/escape-string-regexp/-/escape-string-regexp-1.0.5.tgz#1b61c0562190a8dff6ae3bb2cf0200ca130b86d4"
  
  esprima@^4.0.0:
    version "4.0.1"
    resolved "http://192.168.2.236:4873/esprima/-/esprima-4.0.1.tgz#13b04cdb3e6c5d19df91ab6987a8695619b0aa71"
  
  has-flag@^3.0.0:
    version "3.0.0"
    resolved "http://192.168.2.236:4873/has-flag/-/has-flag-3.0.0.tgz#b5d454dc2199ae225699f3467e5a07f3b955bafd"
  
  highlight.js@^9.15.6:
    version "9.15.6"
    resolved "http://192.168.2.236:4873/highlight.js/-/highlight.js-9.15.6.tgz#72d4d8d779ec066af9a17cb14360c3def0aa57c4"
  
  htmlparser2@^3.9.1:
    version "3.10.1"
    resolved "http://192.168.2.236:4873/htmlparser2/-/htmlparser2-3.10.1.tgz#bd679dc3f59897b6a34bb10749c855bb53a9392f"
    dependencies:
      domelementtype "^1.3.1"
      domhandler "^2.3.0"
      domutils "^1.5.1"
      entities "^1.1.1"
      inherits "^2.0.1"
      readable-stream "^3.1.1"
  
  inherits@^2.0.1, inherits@^2.0.3:
    version "2.0.3"
    resolved "http://192.168.2.236:4873/inherits/-/inherits-2.0.3.tgz#633c2c83e3da42a502f52466022480f4208261de"
  
  is-wsl@^1.1.0:
    version "1.1.0"
    resolved "http://192.168.2.236:4873/is-wsl/-/is-wsl-1.1.0.tgz#1f16e4aa22b04d1336b66188a66af3c600c3a66d"
  
  js-yaml@^3.13.1:
    version "3.13.1"
    resolved "http://192.168.2.236:4873/js-yaml/-/js-yaml-3.13.1.tgz#aff151b30bfdfa8e49e05da22e7415e9dfa37847"
    dependencies:
      argparse "^1.0.7"
      esprima "^4.0.0"
  
  lodash@^4.15.0:
    version "4.17.11"
    resolved "http://192.168.2.236:4873/lodash/-/lodash-4.17.11.tgz#b39ea6229ef607ecd89e2c8df12536891cac9b8d"
  
  marked@^0.6.2:
    version "0.6.2"
    resolved "http://192.168.2.236:4873/marked/-/marked-0.6.2.tgz#c574be8b545a8b48641456ca1dbe0e37b6dccc1a"
  
  nth-check@~1.0.1:
    version "1.0.2"
    resolved "http://192.168.2.236:4873/nth-check/-/nth-check-1.0.2.tgz#b2bd295c37e3dd58a3bf0700376663ba4d9cf05c"
    dependencies:
      boolbase "~1.0.0"
  
  open@^6.2.0:
    version "6.2.0"
    resolved "http://192.168.2.236:4873/open/-/open-6.2.0.tgz#7cf92cb961b5d8498b071e64098bf5e27f57230c"
    dependencies:
      is-wsl "^1.1.0"
  
  parse5@^3.0.1:
    version "3.0.3"
    resolved "http://192.168.2.236:4873/parse5/-/parse5-3.0.3.tgz#042f792ffdd36851551cf4e9e066b3874ab45b5c"
    dependencies:
      "@types/node" "*"
  
  readable-stream@^3.1.1:
    version "3.3.0"
    resolved "http://192.168.2.236:4873/readable-stream/-/readable-stream-3.3.0.tgz#cb8011aad002eb717bf040291feba8569c986fb9"
    dependencies:
      inherits "^2.0.3"
      string_decoder "^1.1.1"
      util-deprecate "^1.0.1"
  
  safe-buffer@~5.1.0:
    version "5.1.2"
    resolved "http://192.168.2.236:4873/safe-buffer/-/safe-buffer-5.1.2.tgz#991ec69d296e0313747d59bdfd2b745c35f8828d"
  
  sprintf-js@~1.0.2:
    version "1.0.3"
    resolved "http://192.168.2.236:4873/sprintf-js/-/sprintf-js-1.0.3.tgz#04e6926f662895354f3dd015203633b857297e2c"
  
  string_decoder@^1.1.1:
    version "1.2.0"
    resolved "http://192.168.2.236:4873/string_decoder/-/string_decoder-1.2.0.tgz#fe86e738b19544afe70469243b2a1ee9240eae8d"
    dependencies:
      safe-buffer "~5.1.0"
  
  supports-color@^5.3.0:
    version "5.5.0"
    resolved "http://192.168.2.236:4873/supports-color/-/supports-color-5.5.0.tgz#e2e69a44ac8772f78a1ec0b35b689df6530efc8f"
    dependencies:
      has-flag "^3.0.0"
  
  util-deprecate@^1.0.1:
    version "1.0.2"
    resolved "http://192.168.2.236:4873/util-deprecate/-/util-deprecate-1.0.2.tgz#450d4dc9fa70de732762fbd2d4a28981419a0ccf"
